#
# A fatal error has been detected by the Java Runtime Environment:
#
#  EXCEPTION_ACCESS_VIOLATION (0xc0000005) at pc=0x00007ffad24d26c4, pid=14856, tid=27404
#
# JRE version: OpenJDK Runtime Environment (24.0.1+9) (build 24.0.1+9-30)
# Java VM: OpenJDK 64-Bit Server VM (24.0.1+9-30, mixed mode, sharing, tiered, compressed oops, compressed class ptrs, g1 gc, windows-amd64)
# Problematic frame:
# C  [libasyncProfiler.dll+0x926c4]
#
# No core dump will be written. Minidumps are not enabled by default on client versions of Windows
#
# JFR recording file will be written. Location: C:\PUC\poo\projetoFinal\projetoFinalJava\hs_err_pid14856.jfr
#
# If you would like to submit a bug report, please visit:
#   https://bugreport.java.com/bugreport/crash.jsp
# The crash happened outside the Java Virtual Machine in native code.
# See problematic frame for where to report the bug.
#

---------------  S U M M A R Y ------------

Command Line: -javaagent:C:\Program Files\JetBrains\IntelliJ IDEA 2025.1.1.1\lib\idea_rt.jar=50874 -agentpath:C:\Users\caue_\AppData\Local\Temp\idea_libasyncProfiler_dll_temp_folder\libasyncProfiler.dll=start,jfr,event=wall,interval=10ms,jfrsync=profile,cstack=no,file=C:\Users\caue_\IdeaSnapshots\HelloApplication_2025_05_30_184726.jfr,dbghelppath=C:\Users\caue_\AppData\Local\Temp\idea_dbghelp_dll_temp_folder\dbghelp.dll,log=C:\Users\caue_\AppData\Local\Temp\HelloApplication_2025_05_30_184726.jfr.log.txt,logLevel=DEBUG -Dfile.encoding=UTF-8 -Dsun.stdout.encoding=UTF-8 -Dsun.stderr.encoding=UTF-8 --module-path=C:\Users\caue_\.m2\repository\org\kordamp\bootstrapfx\bootstrapfx-core\0.4.0\bootstrapfx-core-0.4.0.jar;C:\Users\caue_\.m2\repository\eu\hansolo\fx\countries\21.0.3\countries-21.0.3.jar;C:\Users\caue_\.m2\repository\org\openjfx\javafx-swing\17.0.6\javafx-swing-17.0.6-win.jar;C:\Users\caue_\.m2\repository\eu\hansolo\toolboxfx\21.0.3\toolboxfx-21.0.3.jar;C:\Users\caue_\.m2\repository\org\kordamp\ikonli\ikonli-javafx\12.3.1\ikonli-javafx-12.3.1.jar;C:\Users\caue_\.m2\repository\com\dlsc\formsfx\formsfx-core\11.6.0\formsfx-core-11.6.0.jar;C:\Users\caue_\.m2\repository\com\gluonhq\attach\audio\4.0.17\audio-4.0.17.jar;C:\Users\caue_\.m2\repository\com\github\almasb\fxgl-scene\17.3\fxgl-scene-17.3.jar;C:\Users\caue_\.m2\repository\eu\hansolo\toolbox\21.0.5\toolbox-21.0.5.jar;C:\Users\caue_\.m2\repository\eu\hansolo\fx\heatmap\21.0.3\heatmap-21.0.3.jar;C:\Users\caue_\.m2\repository\org\openjfx\javafx-fxml\17.0.6\javafx-fxml-17.0.6-win.jar;C:\Users\caue_\.m2\repository\com\fasterxml\jackson\core\jackson-databind\2.14.2\jackson-databind-2.14.2.jar;C:\Users\caue_\.m2\repository\org\openjfx\javafx-base\17.0.6\javafx-base-17.0.6-win.jar;C:\Users\caue_\.m2\repository\com\gluonhq\attach\storage\4.0.17\storage-4.0.17.jar;C:\Users\caue_\.m2\repository\org\controlsfx\controlsfx\11.2.1\controlsfx-11.2.1.jar;C:\Users\caue_\.m2\repository\com\gluonhq\attach\util\4.0.17\util-4.0.17.jar;C:\Users\caue_\.m2\repository\eu\hansolo\tilesfx\21.0.3\tilesfx-21.0.3.jar;C:\Users\caue_\.m2\repository\com\github\almasb\fxgl\17.3\fxgl-17.3.jar;C:\Users\caue_\.m2\repository\org\kordamp\ikonli\ikonli-core\12.3.1\ikonli-core-12.3.1.jar;C:\Users\caue_\.m2\repository\com\github\almasb\fxgl-core\17.3\fxgl-core-17.3.jar;C:\Users\caue_\.m2\repository\net\synedra\validatorfx\0.5.0\validatorfx-0.5.0.jar;C:\Users\caue_\.m2\repository\com\github\almasb\fxgl-gameplay\17.3\fxgl-gameplay-17.3.jar;C:\Users\caue_\.m2\repository\com\fasterxml\jackson\core\jackson-annotations\2.14.2\jackson-annotations-2.-Djdk.module.main=com.example.projetofinaljava com.example.projetofinaljava/com.example.projetofinaljava.HelloApplication

Host: Intel(R) Core(TM) Ultra 5 125H, 18 cores, 15G,  Windows 11 , 64 bit Build 26100 (10.0.26100.3912)
Time: Fri May 30 18:47:27 2025 Hora oficial do Brasil elapsed time: 0.918671 seconds (0d 0h 0m 0s)

---------------  T H R E A D  ---------------

Current thread (0x000001e0480f0790):  JavaThread "main"             [_thread_in_native, id=27404, stack(0x0000000731d00000,0x0000000731e00000) (1024K)]

Stack: [0x0000000731d00000,0x0000000731e00000],  sp=0x0000000731dfec30,  free space=1019k
Native frames: (J=compiled Java code, j=interpreted, Vv=VM code, C=native code)
C  [libasyncProfiler.dll+0x926c4]  (no source info available)
C  [libasyncProfiler.dll+0x92b9b]  (no source info available)
C  [libasyncProfiler.dll+0x917f4]  (no source info available)
C  [libasyncProfiler.dll+0x9206a]  (no source info available)
C  [libasyncProfiler.dll+0x8cc21]  (no source info available)
C  [libasyncProfiler.dll+0x7e5e1]  (no source info available)
C  [libasyncProfiler.dll+0x7d2f8]  (no source info available)
C  [libasyncProfiler.dll+0x7d1e0]  (no source info available)
C  [libasyncProfiler.dll+0x832fc]  (no source info available)
V  [jvm.dll+0x5e38de]  (no source info available)
V  [jvm.dll+0x886056]  (no source info available)
V  [jvm.dll+0x495f3e]  (no source info available)
V  [jvm.dll+0x497d11]  (no source info available)
C  [jli.dll+0x52a1]  (no source info available)
C  [ucrtbase.dll+0x37b0]  (no source info available)
C  [KERNEL32.DLL+0x2e8d7]  (no source info available)
C  [ntdll.dll+0x9c5dc]  (no source info available)


siginfo: EXCEPTION_ACCESS_VIOLATION (0xc0000005), reading address 0xffffffffffffffff


Registers:
RAX=0x0000000000000010, RBX=0x0000000000000000, RCX=0xffffffffffffffff, RDX=0x007ffac809300010
RSP=0x0000000731dfec30, RBP=0x000001e042434598, RSI=0x0000000731dfeda0, RDI=0x000001e042434598
R8 =0x0000000000000042, R9 =0x00000004e9401ed8, R10=0x00007ffac8309fb0, R11=0x0000000000000002
R12=0x0000000731dfeda0, R13=0x000001e04854bf80, R14=0x000001e0480f0b58, R15=0x000001e0480f0b58
RIP=0x00007ffad24d26c4, EFLAGS=0x0000000000010202

XMM[0]=0x0000000000000000 0x0000000000000000
XMM[1]=0x0000000000000000 0x0000000000000000
XMM[2]=0x0000000000000000 0x0000000000000000
XMM[3]=0x0000000000000000 0x0000000000000000
XMM[4]=0x0000000000000000 0x0000000000000000
XMM[5]=0x0000000000000000 0x0000000000000000
XMM[6]=0x0000000000000000 0x0000000000000000
XMM[7]=0x0000000000000000 0x0000000000000000
XMM[8]=0x0000000000000000 0x0000000000000000
XMM[9]=0x0000000000000000 0x0000000000000000
XMM[10]=0x0000000000000000 0x0000000000000000
XMM[11]=0x0000000000000000 0x0000000000000000
XMM[12]=0x0000000000000000 0x0000000000000000
XMM[13]=0x0000000000000000 0x0000000000000000
XMM[14]=0x0000000000000000 0x0000000000000000
XMM[15]=0x0000000000000000 0x0000000000000000
  MXCSR=0x00001fa0


Register to memory mapping:

RAX=0x0000000000000010 is an unknown value
RBX=0x0 is null
RCX=0xffffffffffffffff is an unknown value
RDX=0x007ffac809300010 is an unknown value
RSP=0x0000000731dfec30 is pointing into the stack for thread: 0x000001e0480f0790
RBP=0x000001e042434598 points into unknown readable memory: 0x00000004e9401ed8 | d8 1e 40 e9 04 00 00 00
RSI=0x0000000731dfeda0 is pointing into the stack for thread: 0x000001e0480f0790
RDI=0x000001e042434598 points into unknown readable memory: 0x00000004e9401ed8 | d8 1e 40 e9 04 00 00 00
R8 =0x0000000000000042 is an unknown value
R9 =0x00000004e9401ed8 is an oop: java.lang.Thread 
{0x00000004e9401ed8} - klass: 'java/lang/Thread' - flags: 

 - ---- fields (total size 14 words):
 - 'threadLocalRandomProbe' 'I' @12  0 (0x00000000)
 - private volatile 'eetop' 'J' @16  2062793246608 (0x000001e0480f0790)
 - private final 'tid' 'J' @24  3 (0x0000000000000003)
 - 'threadLocalRandomSeed' 'J' @32  0 (0x0000000000000000)
 - injected 'jvmti_thread_state' 'J' @40  2062676797264 (0x000001e0411e2750)
 - 'threadLocalRandomSecondarySeed' 'I' @48  0 (0x00000000)
 - injected 'jvmti_VTMS_transition_disable_count' 'I' @52  0 (0x00000000)
 - injected 'jfr_epoch' 'S' @56  0 (0x0000)
 - volatile 'interrupted' 'Z' @58  false (0x00)
 - injected 'jvmti_is_in_VTMS_transition' 'Z' @59  false (0x00)
 - private volatile 'name' 'Ljava/lang/String;' @60  "main"{0x00000004e9401f48} (0x9d2803e9)
 - private volatile 'contextClassLoader' 'Ljava/lang/ClassLoader;' @64  a 'jdk/internal/loader/ClassLoaders$AppClassLoader'{0x00000004e941f738} (0x9d283ee7)
 - private final 'holder' 'Ljava/lang/Thread$FieldHolder;' @68  a 'java/lang/Thread$FieldHolder'{0x00000004e9401f88} (0x9d2803f1)
 - 'threadLocals' 'Ljava/lang/ThreadLocal$ThreadLocalMap;' @72  a 'java/lang/ThreadLocal$ThreadLocalMap'{0x00000004e947fa80} (0x9d28ff50)
 - 'inheritableThreadLocals' 'Ljava/lang/ThreadLocal$ThreadLocalMap;' @76  null (0x00000000)
 - private 'scopedValueBindings' 'Ljava/lang/Object;' @80  a 'java/lang/Class'{0x00000005d307c258} = 'java/lang/Thread' (0xba60f84b)
 - final 'interruptLock' 'Ljava/lang/Object;' @84  a 'java/lang/Object'{0x00000004e9401f78} (0x9d2803ef)
 - private volatile 'parkBlocker' 'Ljava/lang/Object;' @88  null (0x00000000)
 - private 'nioBlocker' 'Lsun/nio/ch/Interruptible;' @92  null (0x00000000)
 - private 'cont' 'Ljdk/internal/vm/Continuation;' @96  null (0x00000000)
 - private volatile 'uncaughtExceptionHandler' 'Ljava/lang/Thread$UncaughtExceptionHandler;' @100  null (0x00000000)
 - private 'container' 'Ljdk/internal/vm/ThreadContainer;' @104  null (0x00000000)
 - private volatile 'headStackableScopes' 'Ljdk/internal/vm/StackableScope;' @108  null (0x00000000)
R10=0x00007ffac8309fb0 jvm.dll
R11=0x0000000000000002 is an unknown value
R12=0x0000000731dfeda0 is pointing into the stack for thread: 0x000001e0480f0790
R13=0x000001e04854bf80 points into unknown readable memory: 0x00007ffac827a510 | 10 a5 27 c8 fa 7f 00 00
R14=0x000001e0480f0b58 points into unknown readable memory: 0x00007ffac82717b0 | b0 17 27 c8 fa 7f 00 00
R15=0x000001e0480f0b58 points into unknown readable memory: 0x00007ffac82717b0 | b0 17 27 c8 fa 7f 00 00

Top of Stack: (sp=0x0000000731dfec30)
0x0000000731dfec30:   0000000731dfeda0 000001e042434598   ...1.....ECB....
0x0000000731dfec40:   0000000000000000 000001e0485583f0   ..........UH....
0x0000000731dfec50:   0000000000000022 00007ffad24d2b9b   "........+M.....
0x0000000731dfec60:   0000000000000000 000001e0480f0b58   ........X..H....
0x0000000731dfec70:   0000000731dfed01 0000000000000000   ...1............
0x0000000731dfec80:   000001e042360270 00007ffad24d17f4   p.6B......M.....
0x0000000731dfec90:   0000000000000000 0000000000000022   ........".......
0x0000000731dfeca0:   0000000000000000 0000000000000022   ........".......
0x0000000731dfecb0:   0000000a00000002 000001e042baf4f0   ...........B....
0x0000000731dfecc0:   000001e042360270 000001e0423602f8   p.6B......6B....
0x0000000731dfecd0:   000001e042360318 000000000000699c   ..6B.....i......
0x0000000731dfece0:   0000000000000000 0000000000000000   ................
0x0000000731dfecf0:   0000000000000000 00007ffac7ad57d4   .........W......
0x0000000731dfed00:   00007ffad2614ca0 0000000000003a08   .La......:......
0x0000000731dfed10:   00007ffad2614ca0 00000000ffffffff   .La.............
0x0000000731dfed20:   0000000000000000 00007ffad24d206a   ........j M.....
0x0000000731dfed30:   000001e0480f0b58 0000000000000000   X..H............
0x0000000731dfed40:   0000000731dfeda9 000001e04854bf80   ...1......TH....
0x0000000731dfed50:   000001e044143040 000001e046190000   @0.D.......F....
0x0000000731dfed60:   000001e044143040 00007ffb5b5a9fc9   @0.D......Z[....
0x0000000731dfed70:   000001e0480f0b58 00007ffad2614ca0   X..H.....La.....
0x0000000731dfed80:   00007ffad25bf0d8 00007ffad25bf0c8   ..[.......[.....
0x0000000731dfed90:   0000000000000000 000001e0480f0b58   ........X..H....
0x0000000731dfeda0:   000001e043899d80 000001e04389a1c0   ...C.......C....
0x0000000731dfedb0:   000001e04389a1c0 00007ffad2614ca0   ...C.....La.....
0x0000000731dfedc0:   000001e04856dad8 0000000731dfef38   ..VH....8..1....
0x0000000731dfedd0:   0000000731dff070 0000000000008840   p..1....@.......
0x0000000731dfede0:   00007ffad2607080 00007ffad2614cf0   .p`......La.....
0x0000000731dfedf0:   0000000000989680 0000000000989680   ................
0x0000000731dfee00:   0000000731dfef10 00007ffad24ccc21   ...1....!.L.....
0x0000000731dfee10:   00007ffad2614ca0 00007ffad2614cf8   .La......La.....
0x0000000731dfee20:   00007ffa00000000 003e53aa00000001   .............S>.

Instructions: (pc=0x00007ffad24d26c4)
  0x00007ffad24d25c4:   cc cc cc cc cc cc cc cc cc cc cc cc cc cc cc cc
  0x00007ffad24d25d4:   cc cc cc cc cc cc cc cc cc cc cc cc cc cc cc cc
  0x00007ffad24d25e4:   cc cc cc cc cc cc cc cc cc cc cc cc cc cc cc cc
  0x00007ffad24d25f4:   cc cc cc cc cc cc cc cc cc cc cc cc cc cc cc cc
  0x00007ffad24d2604:   cc cc cc cc cc cc cc cc cc cc cc cc cc cc cc cc
  0x00007ffad24d2614:   cc cc cc cc cc cc cc cc cc cc cc cc cc cc cc cc
  0x00007ffad24d2624:   cc cc cc cc cc cc cc cc cc cc cc cc cc cc cc cc
  0x00007ffad24d2634:   cc cc cc cc cc cc cc cc cc cc cc cc cc cc cc cc
  0x00007ffad24d2644:   cc cc cc cc cc cc cc cc cc cc cc cc 40 57 48 83
  0x00007ffad24d2654:   ec 20 48 8b f9 48 8b 0d 10 28 14 00 48 85 c9 74
  0x00007ffad24d2664:   20 48 8b 01 48 8d 54 24 38 41 b8 06 00 01 00 4c
  0x00007ffad24d2674:   8b 48 30 41 ff d1 85 c0 75 07 48 8b 4c 24 38 eb
  0x00007ffad24d2684:   02 33 c9 4c 8b 05 ea 28 14 00 48 89 5c 24 30 4d
  0x00007ffad24d2694:   85 c0 74 4a 48 8b 01 48 8b d7 4c 8b 88 28 03 00
  0x00007ffad24d26a4:   00 41 ff d1 48 85 c0 74 35 48 63 0d f8 e6 13 00
  0x00007ffad24d26b4:   48 8b 14 01 48 85 d2 74 15 48 63 05 fc e6 13 00
=>0x00007ffad24d26c4:   8b 04 10 48 8b 5c 24 30 48 83 c4 20 5f c3 b8 ff
  0x00007ffad24d26d4:   ff ff ff 48 8b 5c 24 30 48 83 c4 20 5f c3 80 3d
  0x00007ffad24d26e4:   9b 27 14 00 00 bb ff ff ff ff 74 20 4c 8b 0d 31
  0x00007ffad24d26f4:   24 14 00 4c 8d 44 24 38 48 8b 0d 15 24 14 00 48
  0x00007ffad24d2704:   8b d7 41 ff d1 85 c0 0f 44 5c 24 38 8b c3 48 8b
  0x00007ffad24d2714:   5c 24 30 48 83 c4 20 5f c3 cc cc cc cc cc cc cc
  0x00007ffad24d2724:   cc cc cc cc cc cc cc cc cc cc cc cc cc cc cc cc
  0x00007ffad24d2734:   cc cc cc cc cc cc cc cc cc cc cc cc cc cc cc cc
  0x00007ffad24d2744:   cc cc cc cc cc cc cc cc cc cc cc cc 48 89 54 24
  0x00007ffad24d2754:   10 53 55 56 57 41 56 41 57 48 83 ec 28 48 8b f2
  0x00007ffad24d2764:   4c 8b f1 48 89 4c 24 78 45 33 ff 44 89 7c 24 68
  0x00007ffad24d2774:   c7 44 24 60 01 00 00 00 48 8d 4c 24 68 e8 ed 42
  0x00007ffad24d2784:   f7 ff 8b d8 48 8d 4c 24 60 e8 e1 42 f7 ff 8b e8
  0x00007ffad24d2794:   49 8b ce e8 00 fc f6 ff 48 8b f8 90 8b c3 f0 0f
  0x00007ffad24d27a4:   b1 2f 74 04 f3 90 eb f4 4c 89 3e 4c 89 7e 08 4c
  0x00007ffad24d27b4:   89 7e 10 49 8b 6e 08 4d 8b 76 10 49 3b ee 0f 84


Stack slot to memory mapping:

stack at sp + 0 slots: 0x0000000731dfeda0 is pointing into the stack for thread: 0x000001e0480f0790
stack at sp + 1 slots: 0x000001e042434598 points into unknown readable memory: 0x00000004e9401ed8 | d8 1e 40 e9 04 00 00 00
stack at sp + 2 slots: 0x0 is null
stack at sp + 3 slots: 0x000001e0485583f0 points into unknown readable memory: 0x6e616c2e6176616a | 6a 61 76 61 2e 6c 61 6e
stack at sp + 4 slots: 0x0000000000000022 is an unknown value
stack at sp + 5 slots: 0x00007ffad24d2b9b libasyncProfiler.dll
stack at sp + 6 slots: 0x0 is null
stack at sp + 7 slots: 0x000001e0480f0b58 points into unknown readable memory: 0x00007ffac82717b0 | b0 17 27 c8 fa 7f 00 00

Lock stack of current Java thread (top to bottom):


---------------  P R O C E S S  ---------------

Threads class SMR info:
_java_thread_list=0x000001e042bb04f0, length=27, elements={
0x000001e0480f0790, 0x000001e04828af50, 0x000001e04828b890, 0x000001e041122fb0,
0x000001e041124370, 0x000001e041124ea0, 0x000001e0411274f0, 0x000001e04113e320,
0x000001e0411441f0, 0x000001e0411458a0, 0x000001e0412a2d40, 0x000001e041143a60,
0x000001e041144980, 0x000001e0411423b0, 0x000001e041142b40, 0x000001e0411432d0,
0x000001e0416ebce0, 0x000001e0416eadc0, 0x000001e0416ec470, 0x000001e0416e9ea0,
0x000001e041da8af0, 0x000001e042672030, 0x000001e04235c8a0, 0x000001e043899640,
0x000001e0438ddf60, 0x000001e0438f1b20, 0x000001e042378170
}

Java Threads: ( => current thread )
=>0x000001e0480f0790 JavaThread "main"                              [_thread_in_native, id=27404, stack(0x0000000731d00000,0x0000000731e00000) (1024K)]
  0x000001e04828af50 JavaThread "Reference Handler"          daemon [_thread_blocked, id=16944, stack(0x0000000732500000,0x0000000732600000) (1024K)]
  0x000001e04828b890 JavaThread "Finalizer"                  daemon [_thread_blocked, id=23748, stack(0x0000000732600000,0x0000000732700000) (1024K)]
  0x000001e041122fb0 JavaThread "Signal Dispatcher"          daemon [_thread_blocked, id=22624, stack(0x0000000732700000,0x0000000732800000) (1024K)]
  0x000001e041124370 JavaThread "Attach Listener"            daemon [_thread_blocked, id=19248, stack(0x0000000732800000,0x0000000732900000) (1024K)]
  0x000001e041124ea0 JavaThread "Service Thread"             daemon [_thread_blocked, id=25988, stack(0x0000000732900000,0x0000000732a00000) (1024K)]
  0x000001e0411274f0 JavaThread "Monitor Deflation Thread"   daemon [_thread_blocked, id=24392, stack(0x0000000732a00000,0x0000000732b00000) (1024K)]
  0x000001e04113e320 JavaThread "C2 CompilerThread0"         daemon [_thread_blocked, id=23664, stack(0x0000000732b00000,0x0000000732c00000) (1024K)]
  0x000001e0411441f0 JavaThread "C1 CompilerThread0"         daemon [_thread_blocked, id=7720, stack(0x0000000732c00000,0x0000000732d00000) (1024K)]
  0x000001e0411458a0 JavaThread "C1 CompilerThread1"         daemon [_thread_blocked, id=25412, stack(0x0000000732d00000,0x0000000732e00000) (1024K)]
  0x000001e0412a2d40 JavaThread "Common-Cleaner"             daemon [_thread_blocked, id=1848, stack(0x0000000732e00000,0x0000000732f00000) (1024K)]
  0x000001e041143a60 JavaThread "C1 CompilerThread2"         daemon [_thread_blocked, id=5160, stack(0x0000000732f00000,0x0000000733000000) (1024K)]
  0x000001e041144980 JavaThread "C1 CompilerThread3"         daemon [_thread_blocked, id=3320, stack(0x0000000733000000,0x0000000733100000) (1024K)]
  0x000001e0411423b0 JavaThread "C2 CompilerThread1"         daemon [_thread_blocked, id=19396, stack(0x0000000733100000,0x0000000733200000) (1024K)]
  0x000001e041142b40 JavaThread "C2 CompilerThread2"         daemon [_thread_blocked, id=27512, stack(0x0000000733200000,0x0000000733300000) (1024K)]
  0x000001e0411432d0 JavaThread "C2 CompilerThread3"         daemon [_thread_blocked, id=9984, stack(0x0000000733300000,0x0000000733400000) (1024K)]
  0x000001e0416ebce0 JavaThread "C2 CompilerThread4"         daemon [_thread_blocked, id=4592, stack(0x0000000733400000,0x0000000733500000) (1024K)]
  0x000001e0416eadc0 JavaThread "C2 CompilerThread5"         daemon [_thread_blocked, id=8476, stack(0x0000000733500000,0x0000000733600000) (1024K)]
  0x000001e0416ec470 JavaThread "C2 CompilerThread6"         daemon [_thread_blocked, id=12560, stack(0x0000000733600000,0x0000000733700000) (1024K)]
  0x000001e0416e9ea0 JavaThread "C2 CompilerThread7"         daemon [_thread_blocked, id=23604, stack(0x0000000733700000,0x0000000733800000) (1024K)]
  0x000001e041da8af0 JavaThread "Monitor Ctrl-Break"         daemon [_thread_in_native, id=4260, stack(0x0000000733800000,0x0000000733900000) (1024K)]
  0x000001e042672030 JavaThread "JFR Recorder Thread"        daemon [_thread_in_native, id=7724, stack(0x0000000733900000,0x0000000733a00000) (1024K)]
  0x000001e04235c8a0 JavaThread "JFR Periodic Tasks"         daemon [_thread_blocked, id=27036, stack(0x0000000733a00000,0x0000000733b00000) (1024K)]
  0x000001e043899640 JavaThread "RMI TCP Accept-0"           daemon [_thread_in_native, id=5528, stack(0x0000000733b00000,0x0000000733c00000) (1024K)]
  0x000001e0438ddf60 JavaThread "RMI TCP Connection(1)-10.150.6.93" daemon [_thread_in_native, id=18396, stack(0x0000000733c00000,0x0000000733d00000) (1024K)]
  0x000001e0438f1b20 JavaThread "RMI Scheduler(0)"           daemon [_thread_blocked, id=25940, stack(0x0000000733d00000,0x0000000733e00000) (1024K)]
  0x000001e042378170 JavaThread "JMX server connection timeout 42" daemon [_thread_blocked, id=20356, stack(0x0000000733e00000,0x0000000733f00000) (1024K)]
Total: 27

Other Threads:
  0x000001e048277960 VMThread "VM Thread"                           [id=12408, stack(0x0000000732400000,0x0000000732500000) (1024K)]
  0x000001e04825f3b0 WatcherThread "VM Periodic Task Thread"        [id=7976, stack(0x0000000732300000,0x0000000732400000) (1024K)]
  0x000001e04815ab20 WorkerThread "GC Thread#0"                     [id=28280, stack(0x0000000731e00000,0x0000000731f00000) (1024K)]
  0x000001e04816f220 ConcurrentGCThread "G1 Main Marker"            [id=25636, stack(0x0000000731f00000,0x0000000732000000) (1024K)]
  0x000001e048170d60 WorkerThread "G1 Conc#0"                       [id=27712, stack(0x0000000732000000,0x0000000732100000) (1024K)]
  0x000001e04824dbd0 ConcurrentGCThread "G1 Refine#0"               [id=24572, stack(0x0000000732100000,0x0000000732200000) (1024K)]
  0x000001e04824e660 ConcurrentGCThread "G1 Service"                [id=15628, stack(0x0000000732200000,0x0000000732300000) (1024K)]
Total: 7

Threads with active compile tasks:
Total: 0

VM state: not at safepoint (normal execution)

VM Mutex/Monitor currently owned by a thread: None

Heap address: 0x00000004d9c00000, size: 3990 MB, Compressed Oops mode: Zero based, Oop shift amount: 3

CDS archive(s) mapped at: [0x000001e000000000-0x000001e000d40000-0x000001e000d40000), size 13893632, SharedBaseAddress: 0x000001e000000000, ArchiveRelocationMode: 1.
Compressed class space mapped at: 0x000001e001000000-0x000001e041000000, reserved size: 1073741824
UseCompressedClassPointers 1, UseCompactObjectHeaders 0
Narrow klass pointer bits 32, Max shift 3
Narrow klass base: 0x000001e000000000, Narrow klass shift: 0
Encoding Range: [0x000001e000000000 - 0x000001e100000000), (4294967296 bytes)
Klass Range:    [0x000001e000000000 - 0x000001e041000000), (1090519040 bytes)
Klass ID Range:  [8 - 1090519033) (1090519025)

GC Precious Log:
 CardTable entry size: 512
 Card Set container configuration: InlinePtr #cards 4 size 8 Array Of Cards #cards 16 size 48 Howl #buckets 8 coarsen threshold 3686 Howl Bitmap #cards 512 size 80 coarsen threshold 460 Card regions per heap region 1 cards per card region 4096
 CPUs: 18 total, 18 available
 Memory: 15955M
 Large Page Support: Disabled
 NUMA Support: Disabled
 Compressed Oops: Enabled (Zero based)
 Heap Region Size: 2M
 Heap Min Capacity: 8M
 Heap Initial Capacity: 250M
 Heap Max Capacity: 3990M
 Pre-touch: Disabled
 Parallel Workers: 14
 Concurrent Workers: 4
 Concurrent Refinement Workers: 14
 Periodic GC: Disabled

Heap:
 garbage-first heap   total reserved 4085760K, committed 258048K, used 44144K [0x00000004d9c00000, 0x00000005d3200000)
  region size 2048K, 22 young (45056K), 0 survivors (0K)
 Metaspace       used 8017K, committed 8256K, reserved 1114112K
  class space    used 768K, committed 832K, reserved 1048576K

Heap Regions: E=young(eden), S=young(survivor), O=old, HS=humongous(starts), HC=humongous(continues), CS=collection set, F=free, TAMS=top-at-mark-start, PB=parsable bottom
|   0|0x00000004d9c00000, 0x00000004d9c00000, 0x00000004d9e00000|  0%| F|  |TAMS 0x00000004d9c00000| PB 0x00000004d9c00000| Untracked |  0
|   1|0x00000004d9e00000, 0x00000004d9e00000, 0x00000004da000000|  0%| F|  |TAMS 0x00000004d9e00000| PB 0x00000004d9e00000| Untracked |  0
|   2|0x00000004da000000, 0x00000004da000000, 0x00000004da200000|  0%| F|  |TAMS 0x00000004da000000| PB 0x00000004da000000| Untracked |  0
|   3|0x00000004da200000, 0x00000004da200000, 0x00000004da400000|  0%| F|  |TAMS 0x00000004da200000| PB 0x00000004da200000| Untracked |  0
|   4|0x00000004da400000, 0x00000004da400000, 0x00000004da600000|  0%| F|  |TAMS 0x00000004da400000| PB 0x00000004da400000| Untracked |  0
|   5|0x00000004da600000, 0x00000004da600000, 0x00000004da800000|  0%| F|  |TAMS 0x00000004da600000| PB 0x00000004da600000| Untracked |  0
|   6|0x00000004da800000, 0x00000004da800000, 0x00000004daa00000|  0%| F|  |TAMS 0x00000004da800000| PB 0x00000004da800000| Untracked |  0
|   7|0x00000004daa00000, 0x00000004daa00000, 0x00000004dac00000|  0%| F|  |TAMS 0x00000004daa00000| PB 0x00000004daa00000| Untracked |  0
|   8|0x00000004dac00000, 0x00000004dac00000, 0x00000004dae00000|  0%| F|  |TAMS 0x00000004dac00000| PB 0x00000004dac00000| Untracked |  0
|   9|0x00000004dae00000, 0x00000004dae00000, 0x00000004db000000|  0%| F|  |TAMS 0x00000004dae00000| PB 0x00000004dae00000| Untracked |  0
|  10|0x00000004db000000, 0x00000004db000000, 0x00000004db200000|  0%| F|  |TAMS 0x00000004db000000| PB 0x00000004db000000| Untracked |  0
|  11|0x00000004db200000, 0x00000004db200000, 0x00000004db400000|  0%| F|  |TAMS 0x00000004db200000| PB 0x00000004db200000| Untracked |  0
|  12|0x00000004db400000, 0x00000004db400000, 0x00000004db600000|  0%| F|  |TAMS 0x00000004db400000| PB 0x00000004db400000| Untracked |  0
|  13|0x00000004db600000, 0x00000004db600000, 0x00000004db800000|  0%| F|  |TAMS 0x00000004db600000| PB 0x00000004db600000| Untracked |  0
|  14|0x00000004db800000, 0x00000004db800000, 0x00000004dba00000|  0%| F|  |TAMS 0x00000004db800000| PB 0x00000004db800000| Untracked |  0
|  15|0x00000004dba00000, 0x00000004dba00000, 0x00000004dbc00000|  0%| F|  |TAMS 0x00000004dba00000| PB 0x00000004dba00000| Untracked |  0
|  16|0x00000004dbc00000, 0x00000004dbc00000, 0x00000004dbe00000|  0%| F|  |TAMS 0x00000004dbc00000| PB 0x00000004dbc00000| Untracked |  0
|  17|0x00000004dbe00000, 0x00000004dbe00000, 0x00000004dc000000|  0%| F|  |TAMS 0x00000004dbe00000| PB 0x00000004dbe00000| Untracked |  0
|  18|0x00000004dc000000, 0x00000004dc000000, 0x00000004dc200000|  0%| F|  |TAMS 0x00000004dc000000| PB 0x00000004dc000000| Untracked |  0
|  19|0x00000004dc200000, 0x00000004dc200000, 0x00000004dc400000|  0%| F|  |TAMS 0x00000004dc200000| PB 0x00000004dc200000| Untracked |  0
|  20|0x00000004dc400000, 0x00000004dc400000, 0x00000004dc600000|  0%| F|  |TAMS 0x00000004dc400000| PB 0x00000004dc400000| Untracked |  0
|  21|0x00000004dc600000, 0x00000004dc600000, 0x00000004dc800000|  0%| F|  |TAMS 0x00000004dc600000| PB 0x00000004dc600000| Untracked |  0
|  22|0x00000004dc800000, 0x00000004dc800000, 0x00000004dca00000|  0%| F|  |TAMS 0x00000004dc800000| PB 0x00000004dc800000| Untracked |  0
|  23|0x00000004dca00000, 0x00000004dca00000, 0x00000004dcc00000|  0%| F|  |TAMS 0x00000004dca00000| PB 0x00000004dca00000| Untracked |  0
|  24|0x00000004dcc00000, 0x00000004dcc00000, 0x00000004dce00000|  0%| F|  |TAMS 0x00000004dcc00000| PB 0x00000004dcc00000| Untracked |  0
|  25|0x00000004dce00000, 0x00000004dce00000, 0x00000004dd000000|  0%| F|  |TAMS 0x00000004dce00000| PB 0x00000004dce00000| Untracked |  0
|  26|0x00000004dd000000, 0x00000004dd000000, 0x00000004dd200000|  0%| F|  |TAMS 0x00000004dd000000| PB 0x00000004dd000000| Untracked |  0
|  27|0x00000004dd200000, 0x00000004dd200000, 0x00000004dd400000|  0%| F|  |TAMS 0x00000004dd200000| PB 0x00000004dd200000| Untracked |  0
|  28|0x00000004dd400000, 0x00000004dd400000, 0x00000004dd600000|  0%| F|  |TAMS 0x00000004dd400000| PB 0x00000004dd400000| Untracked |  0
|  29|0x00000004dd600000, 0x00000004dd600000, 0x00000004dd800000|  0%| F|  |TAMS 0x00000004dd600000| PB 0x00000004dd600000| Untracked |  0
|  30|0x00000004dd800000, 0x00000004dd800000, 0x00000004dda00000|  0%| F|  |TAMS 0x00000004dd800000| PB 0x00000004dd800000| Untracked |  0
|  31|0x00000004dda00000, 0x00000004dda00000, 0x00000004ddc00000|  0%| F|  |TAMS 0x00000004dda00000| PB 0x00000004dda00000| Untracked |  0
|  32|0x00000004ddc00000, 0x00000004ddc00000, 0x00000004dde00000|  0%| F|  |TAMS 0x00000004ddc00000| PB 0x00000004ddc00000| Untracked |  0
|  33|0x00000004dde00000, 0x00000004dde00000, 0x00000004de000000|  0%| F|  |TAMS 0x00000004dde00000| PB 0x00000004dde00000| Untracked |  0
|  34|0x00000004de000000, 0x00000004de000000, 0x00000004de200000|  0%| F|  |TAMS 0x00000004de000000| PB 0x00000004de000000| Untracked |  0
|  35|0x00000004de200000, 0x00000004de200000, 0x00000004de400000|  0%| F|  |TAMS 0x00000004de200000| PB 0x00000004de200000| Untracked |  0
|  36|0x00000004de400000, 0x00000004de400000, 0x00000004de600000|  0%| F|  |TAMS 0x00000004de400000| PB 0x00000004de400000| Untracked |  0
|  37|0x00000004de600000, 0x00000004de600000, 0x00000004de800000|  0%| F|  |TAMS 0x00000004de600000| PB 0x00000004de600000| Untracked |  0
|  38|0x00000004de800000, 0x00000004de800000, 0x00000004dea00000|  0%| F|  |TAMS 0x00000004de800000| PB 0x00000004de800000| Untracked |  0
|  39|0x00000004dea00000, 0x00000004dea00000, 0x00000004dec00000|  0%| F|  |TAMS 0x00000004dea00000| PB 0x00000004dea00000| Untracked |  0
|  40|0x00000004dec00000, 0x00000004dec00000, 0x00000004dee00000|  0%| F|  |TAMS 0x00000004dec00000| PB 0x00000004dec00000| Untracked |  0
|  41|0x00000004dee00000, 0x00000004dee00000, 0x00000004df000000|  0%| F|  |TAMS 0x00000004dee00000| PB 0x00000004dee00000| Untracked |  0
|  42|0x00000004df000000, 0x00000004df000000, 0x00000004df200000|  0%| F|  |TAMS 0x00000004df000000| PB 0x00000004df000000| Untracked |  0
|  43|0x00000004df200000, 0x00000004df200000, 0x00000004df400000|  0%| F|  |TAMS 0x00000004df200000| PB 0x00000004df200000| Untracked |  0
|  44|0x00000004df400000, 0x00000004df400000, 0x00000004df600000|  0%| F|  |TAMS 0x00000004df400000| PB 0x00000004df400000| Untracked |  0
|  45|0x00000004df600000, 0x00000004df600000, 0x00000004df800000|  0%| F|  |TAMS 0x00000004df600000| PB 0x00000004df600000| Untracked |  0
|  46|0x00000004df800000, 0x00000004df800000, 0x00000004dfa00000|  0%| F|  |TAMS 0x00000004df800000| PB 0x00000004df800000| Untracked |  0
|  47|0x00000004dfa00000, 0x00000004dfa00000, 0x00000004dfc00000|  0%| F|  |TAMS 0x00000004dfa00000| PB 0x00000004dfa00000| Untracked |  0
|  48|0x00000004dfc00000, 0x00000004dfc00000, 0x00000004dfe00000|  0%| F|  |TAMS 0x00000004dfc00000| PB 0x00000004dfc00000| Untracked |  0
|  49|0x00000004dfe00000, 0x00000004dfe00000, 0x00000004e0000000|  0%| F|  |TAMS 0x00000004dfe00000| PB 0x00000004dfe00000| Untracked |  0
|  50|0x00000004e0000000, 0x00000004e0000000, 0x00000004e0200000|  0%| F|  |TAMS 0x00000004e0000000| PB 0x00000004e0000000| Untracked |  0
|  51|0x00000004e0200000, 0x00000004e0200000, 0x00000004e0400000|  0%| F|  |TAMS 0x00000004e0200000| PB 0x00000004e0200000| Untracked |  0
|  52|0x00000004e0400000, 0x00000004e0400000, 0x00000004e0600000|  0%| F|  |TAMS 0x00000004e0400000| PB 0x00000004e0400000| Untracked |  0
|  53|0x00000004e0600000, 0x00000004e0600000, 0x00000004e0800000|  0%| F|  |TAMS 0x00000004e0600000| PB 0x00000004e0600000| Untracked |  0
|  54|0x00000004e0800000, 0x00000004e0800000, 0x00000004e0a00000|  0%| F|  |TAMS 0x00000004e0800000| PB 0x00000004e0800000| Untracked |  0
|  55|0x00000004e0a00000, 0x00000004e0a00000, 0x00000004e0c00000|  0%| F|  |TAMS 0x00000004e0a00000| PB 0x00000004e0a00000| Untracked |  0
|  56|0x00000004e0c00000, 0x00000004e0c00000, 0x00000004e0e00000|  0%| F|  |TAMS 0x00000004e0c00000| PB 0x00000004e0c00000| Untracked |  0
|  57|0x00000004e0e00000, 0x00000004e0e00000, 0x00000004e1000000|  0%| F|  |TAMS 0x00000004e0e00000| PB 0x00000004e0e00000| Untracked |  0
|  58|0x00000004e1000000, 0x00000004e1000000, 0x00000004e1200000|  0%| F|  |TAMS 0x00000004e1000000| PB 0x00000004e1000000| Untracked |  0
|  59|0x00000004e1200000, 0x00000004e1200000, 0x00000004e1400000|  0%| F|  |TAMS 0x00000004e1200000| PB 0x00000004e1200000| Untracked |  0
|  60|0x00000004e1400000, 0x00000004e1400000, 0x00000004e1600000|  0%| F|  |TAMS 0x00000004e1400000| PB 0x00000004e1400000| Untracked |  0
|  61|0x00000004e1600000, 0x00000004e1600000, 0x00000004e1800000|  0%| F|  |TAMS 0x00000004e1600000| PB 0x00000004e1600000| Untracked |  0
|  62|0x00000004e1800000, 0x00000004e1800000, 0x00000004e1a00000|  0%| F|  |TAMS 0x00000004e1800000| PB 0x00000004e1800000| Untracked |  0
|  63|0x00000004e1a00000, 0x00000004e1a00000, 0x00000004e1c00000|  0%| F|  |TAMS 0x00000004e1a00000| PB 0x00000004e1a00000| Untracked |  0
|  64|0x00000004e1c00000, 0x00000004e1c00000, 0x00000004e1e00000|  0%| F|  |TAMS 0x00000004e1c00000| PB 0x00000004e1c00000| Untracked |  0
|  65|0x00000004e1e00000, 0x00000004e1e00000, 0x00000004e2000000|  0%| F|  |TAMS 0x00000004e1e00000| PB 0x00000004e1e00000| Untracked |  0
|  66|0x00000004e2000000, 0x00000004e2000000, 0x00000004e2200000|  0%| F|  |TAMS 0x00000004e2000000| PB 0x00000004e2000000| Untracked |  0
|  67|0x00000004e2200000, 0x00000004e2200000, 0x00000004e2400000|  0%| F|  |TAMS 0x00000004e2200000| PB 0x00000004e2200000| Untracked |  0
|  68|0x00000004e2400000, 0x00000004e2400000, 0x00000004e2600000|  0%| F|  |TAMS 0x00000004e2400000| PB 0x00000004e2400000| Untracked |  0
|  69|0x00000004e2600000, 0x00000004e2600000, 0x00000004e2800000|  0%| F|  |TAMS 0x00000004e2600000| PB 0x00000004e2600000| Untracked |  0
|  70|0x00000004e2800000, 0x00000004e2800000, 0x00000004e2a00000|  0%| F|  |TAMS 0x00000004e2800000| PB 0x00000004e2800000| Untracked |  0
|  71|0x00000004e2a00000, 0x00000004e2a00000, 0x00000004e2c00000|  0%| F|  |TAMS 0x00000004e2a00000| PB 0x00000004e2a00000| Untracked |  0
|  72|0x00000004e2c00000, 0x00000004e2c00000, 0x00000004e2e00000|  0%| F|  |TAMS 0x00000004e2c00000| PB 0x00000004e2c00000| Untracked |  0
|  73|0x00000004e2e00000, 0x00000004e2e00000, 0x00000004e3000000|  0%| F|  |TAMS 0x00000004e2e00000| PB 0x00000004e2e00000| Untracked |  0
|  74|0x00000004e3000000, 0x00000004e3000000, 0x00000004e3200000|  0%| F|  |TAMS 0x00000004e3000000| PB 0x00000004e3000000| Untracked |  0
|  75|0x00000004e3200000, 0x00000004e3200000, 0x00000004e3400000|  0%| F|  |TAMS 0x00000004e3200000| PB 0x00000004e3200000| Untracked |  0
|  76|0x00000004e3400000, 0x00000004e3400000, 0x00000004e3600000|  0%| F|  |TAMS 0x00000004e3400000| PB 0x00000004e3400000| Untracked |  0
|  77|0x00000004e3600000, 0x00000004e3600000, 0x00000004e3800000|  0%| F|  |TAMS 0x00000004e3600000| PB 0x00000004e3600000| Untracked |  0
|  78|0x00000004e3800000, 0x00000004e3800000, 0x00000004e3a00000|  0%| F|  |TAMS 0x00000004e3800000| PB 0x00000004e3800000| Untracked |  0
|  79|0x00000004e3a00000, 0x00000004e3a00000, 0x00000004e3c00000|  0%| F|  |TAMS 0x00000004e3a00000| PB 0x00000004e3a00000| Untracked |  0
|  80|0x00000004e3c00000, 0x00000004e3c00000, 0x00000004e3e00000|  0%| F|  |TAMS 0x00000004e3c00000| PB 0x00000004e3c00000| Untracked |  0
|  81|0x00000004e3e00000, 0x00000004e3e00000, 0x00000004e4000000|  0%| F|  |TAMS 0x00000004e3e00000| PB 0x00000004e3e00000| Untracked |  0
|  82|0x00000004e4000000, 0x00000004e4000000, 0x00000004e4200000|  0%| F|  |TAMS 0x00000004e4000000| PB 0x00000004e4000000| Untracked |  0
|  83|0x00000004e4200000, 0x00000004e4200000, 0x00000004e4400000|  0%| F|  |TAMS 0x00000004e4200000| PB 0x00000004e4200000| Untracked |  0
|  84|0x00000004e4400000, 0x00000004e4400000, 0x00000004e4600000|  0%| F|  |TAMS 0x00000004e4400000| PB 0x00000004e4400000| Untracked |  0
|  85|0x00000004e4600000, 0x00000004e4600000, 0x00000004e4800000|  0%| F|  |TAMS 0x00000004e4600000| PB 0x00000004e4600000| Untracked |  0
|  86|0x00000004e4800000, 0x00000004e4800000, 0x00000004e4a00000|  0%| F|  |TAMS 0x00000004e4800000| PB 0x00000004e4800000| Untracked |  0
|  87|0x00000004e4a00000, 0x00000004e4a00000, 0x00000004e4c00000|  0%| F|  |TAMS 0x00000004e4a00000| PB 0x00000004e4a00000| Untracked |  0
|  88|0x00000004e4c00000, 0x00000004e4c00000, 0x00000004e4e00000|  0%| F|  |TAMS 0x00000004e4c00000| PB 0x00000004e4c00000| Untracked |  0
|  89|0x00000004e4e00000, 0x00000004e4e00000, 0x00000004e5000000|  0%| F|  |TAMS 0x00000004e4e00000| PB 0x00000004e4e00000| Untracked |  0
|  90|0x00000004e5000000, 0x00000004e5000000, 0x00000004e5200000|  0%| F|  |TAMS 0x00000004e5000000| PB 0x00000004e5000000| Untracked |  0
|  91|0x00000004e5200000, 0x00000004e5200000, 0x00000004e5400000|  0%| F|  |TAMS 0x00000004e5200000| PB 0x00000004e5200000| Untracked |  0
|  92|0x00000004e5400000, 0x00000004e5400000, 0x00000004e5600000|  0%| F|  |TAMS 0x00000004e5400000| PB 0x00000004e5400000| Untracked |  0
|  93|0x00000004e5600000, 0x00000004e5600000, 0x00000004e5800000|  0%| F|  |TAMS 0x00000004e5600000| PB 0x00000004e5600000| Untracked |  0
|  94|0x00000004e5800000, 0x00000004e5800000, 0x00000004e5a00000|  0%| F|  |TAMS 0x00000004e5800000| PB 0x00000004e5800000| Untracked |  0
|  95|0x00000004e5a00000, 0x00000004e5a00000, 0x00000004e5c00000|  0%| F|  |TAMS 0x00000004e5a00000| PB 0x00000004e5a00000| Untracked |  0
|  96|0x00000004e5c00000, 0x00000004e5c00000, 0x00000004e5e00000|  0%| F|  |TAMS 0x00000004e5c00000| PB 0x00000004e5c00000| Untracked |  0
|  97|0x00000004e5e00000, 0x00000004e5e00000, 0x00000004e6000000|  0%| F|  |TAMS 0x00000004e5e00000| PB 0x00000004e5e00000| Untracked |  0
|  98|0x00000004e6000000, 0x00000004e6000000, 0x00000004e6200000|  0%| F|  |TAMS 0x00000004e6000000| PB 0x00000004e6000000| Untracked |  0
|  99|0x00000004e6200000, 0x00000004e6200000, 0x00000004e6400000|  0%| F|  |TAMS 0x00000004e6200000| PB 0x00000004e6200000| Untracked |  0
| 100|0x00000004e6400000, 0x00000004e6400000, 0x00000004e6600000|  0%| F|  |TAMS 0x00000004e6400000| PB 0x00000004e6400000| Untracked |  0
| 101|0x00000004e6600000, 0x00000004e6600000, 0x00000004e6800000|  0%| F|  |TAMS 0x00000004e6600000| PB 0x00000004e6600000| Untracked |  0
| 102|0x00000004e6800000, 0x00000004e6800000, 0x00000004e6a00000|  0%| F|  |TAMS 0x00000004e6800000| PB 0x00000004e6800000| Untracked |  0
| 103|0x00000004e6a00000, 0x00000004e6beb880, 0x00000004e6c00000| 96%| E|  |TAMS 0x00000004e6a00000| PB 0x00000004e6a00000| Complete |  0
| 104|0x00000004e6c00000, 0x00000004e6e00000, 0x00000004e6e00000|100%| E|CS|TAMS 0x00000004e6c00000| PB 0x00000004e6c00000| Complete |  0
| 105|0x00000004e6e00000, 0x00000004e7000000, 0x00000004e7000000|100%| E|CS|TAMS 0x00000004e6e00000| PB 0x00000004e6e00000| Complete |  0
| 106|0x00000004e7000000, 0x00000004e7200000, 0x00000004e7200000|100%| E|CS|TAMS 0x00000004e7000000| PB 0x00000004e7000000| Complete |  0
| 107|0x00000004e7200000, 0x00000004e7400000, 0x00000004e7400000|100%| E|CS|TAMS 0x00000004e7200000| PB 0x00000004e7200000| Complete |  0
| 108|0x00000004e7400000, 0x00000004e7600000, 0x00000004e7600000|100%| E|CS|TAMS 0x00000004e7400000| PB 0x00000004e7400000| Complete |  0
| 109|0x00000004e7600000, 0x00000004e7800000, 0x00000004e7800000|100%| E|CS|TAMS 0x00000004e7600000| PB 0x00000004e7600000| Complete |  0
| 110|0x00000004e7800000, 0x00000004e7a00000, 0x00000004e7a00000|100%| E|CS|TAMS 0x00000004e7800000| PB 0x00000004e7800000| Complete |  0
| 111|0x00000004e7a00000, 0x00000004e7c00000, 0x00000004e7c00000|100%| E|CS|TAMS 0x00000004e7a00000| PB 0x00000004e7a00000| Complete |  0
| 112|0x00000004e7c00000, 0x00000004e7e00000, 0x00000004e7e00000|100%| E|CS|TAMS 0x00000004e7c00000| PB 0x00000004e7c00000| Complete |  0
| 113|0x00000004e7e00000, 0x00000004e8000000, 0x00000004e8000000|100%| E|CS|TAMS 0x00000004e7e00000| PB 0x00000004e7e00000| Complete |  0
| 114|0x00000004e8000000, 0x00000004e8200000, 0x00000004e8200000|100%| E|CS|TAMS 0x00000004e8000000| PB 0x00000004e8000000| Complete |  0
| 115|0x00000004e8200000, 0x00000004e8400000, 0x00000004e8400000|100%| E|CS|TAMS 0x00000004e8200000| PB 0x00000004e8200000| Complete |  0
| 116|0x00000004e8400000, 0x00000004e8600000, 0x00000004e8600000|100%| E|CS|TAMS 0x00000004e8400000| PB 0x00000004e8400000| Complete |  0
| 117|0x00000004e8600000, 0x00000004e8800000, 0x00000004e8800000|100%| E|CS|TAMS 0x00000004e8600000| PB 0x00000004e8600000| Complete |  0
| 118|0x00000004e8800000, 0x00000004e8a00000, 0x00000004e8a00000|100%| E|CS|TAMS 0x00000004e8800000| PB 0x00000004e8800000| Complete |  0
| 119|0x00000004e8a00000, 0x00000004e8c00000, 0x00000004e8c00000|100%| E|CS|TAMS 0x00000004e8a00000| PB 0x00000004e8a00000| Complete |  0
| 120|0x00000004e8c00000, 0x00000004e8e00000, 0x00000004e8e00000|100%| E|CS|TAMS 0x00000004e8c00000| PB 0x00000004e8c00000| Complete |  0
| 121|0x00000004e8e00000, 0x00000004e9000000, 0x00000004e9000000|100%| E|CS|TAMS 0x00000004e8e00000| PB 0x00000004e8e00000| Complete |  0
| 122|0x00000004e9000000, 0x00000004e9200000, 0x00000004e9200000|100%| E|CS|TAMS 0x00000004e9000000| PB 0x00000004e9000000| Complete |  0
| 123|0x00000004e9200000, 0x00000004e9400000, 0x00000004e9400000|100%| E|CS|TAMS 0x00000004e9200000| PB 0x00000004e9200000| Complete |  0
| 124|0x00000004e9400000, 0x00000004e9600000, 0x00000004e9600000|100%| E|CS|TAMS 0x00000004e9400000| PB 0x00000004e9400000| Complete |  0
|1994|0x00000005d3000000, 0x00000005d311c288, 0x00000005d3200000| 55%| O|  |TAMS 0x00000005d3000000| PB 0x00000005d3000000| Untracked |  0

Card table byte_map: [0x000001e061cb0000,0x000001e062480000] _byte_map_base: 0x000001e05f5e2000

Marking Bits: (CMBitMap*) 0x000001e04815b140
 Bits: [0x000001e062480000, 0x000001e0662d8000)

Polling page: 0x000001e046140000

Metaspace:

Usage:
  Non-class:      7.08 MB used.
      Class:    768.84 KB used.
       Both:      7.83 MB used.

Virtual space:
  Non-class space:       64.00 MB reserved,       7.25 MB ( 11%) committed,  1 nodes.
      Class space:        1.00 GB reserved,     832.00 KB ( <1%) committed,  1 nodes.
             Both:        1.06 GB reserved,       8.06 MB ( <1%) committed. 

Chunk freelists:
   Non-Class:  8.41 MB
       Class:  15.19 MB
        Both:  23.60 MB

MaxMetaspaceSize: unlimited
CompressedClassSpaceSize: 1.00 GB
Initial GC threshold: 21.00 MB
Current GC threshold: 21.00 MB
CDS: on
 - commit_granule_bytes: 65536.
 - commit_granule_words: 8192.
 - virtual_space_node_default_size: 8388608.
 - enlarge_chunks_in_place: 1.
UseCompressedClassPointers 1, UseCompactObjectHeaders 0
Narrow klass pointer bits 32, Max shift 3
Narrow klass base: 0x000001e000000000, Narrow klass shift: 0
Encoding Range: [0x000001e000000000 - 0x000001e100000000), (4294967296 bytes)
Klass Range:    [0x000001e000000000 - 0x000001e041000000), (1090519040 bytes)
Klass ID Range:  [8 - 1090519033) (1090519025)


Internal statistics:

num_allocs_failed_limit: 0.
num_arena_births: 194.
num_arena_deaths: 0.
num_vsnodes_births: 2.
num_vsnodes_deaths: 0.
num_space_committed: 129.
num_space_uncommitted: 0.
num_chunks_returned_to_freelist: 0.
num_chunks_taken_from_freelist: 239.
num_chunk_merges: 0.
num_chunk_splits: 150.
num_chunks_enlarged: 71.
num_inconsistent_stats: 0.

CodeHeap 'non-profiled nmethods': size=119232Kb used=756Kb max_used=756Kb free=118475Kb
 bounds [0x000001e059180000, 0x000001e0593f0000, 0x000001e0605f0000]
CodeHeap 'profiled nmethods': size=119104Kb used=3027Kb max_used=3027Kb free=116076Kb
 bounds [0x000001e0515f0000, 0x000001e0518f0000, 0x000001e058a40000]
CodeHeap 'non-nmethods': size=7424Kb used=3022Kb max_used=3059Kb free=4401Kb
 bounds [0x000001e058a40000, 0x000001e058d50000, 0x000001e059180000]
CodeCache: size=245760Kb, used=6805Kb, max_used=6842Kb, free=238952Kb
 total_blobs=2683, nmethods=2182, adapters=403, full_count=0
Compilation: enabled, stopped_count=0, restarted_count=0

Compilation events (20 events):
Event: 0.900 Thread 0x000001e0416ebce0 nmethod 1929 0x000001e059230108 code [0x000001e059230260, 0x000001e059230ac0]
Event: 0.900 Thread 0x000001e041144980 2001       3       java.lang.Integer::rotateRight (9 bytes)
Event: 0.900 Thread 0x000001e041144980 nmethod 2001 0x000001e051893888 code [0x000001e0518939a0, 0x000001e051893a98]
Event: 0.900 Thread 0x000001e0411441f0 2002       3       java.lang.invoke.VarHandleByteArrayAsInts$ArrayHandle::index (12 bytes)
Event: 0.901 Thread 0x000001e041142b40 2003       4       java.lang.Integer::rotateRight (9 bytes)
Event: 0.901 Thread 0x000001e0411441f0 nmethod 2002 0x000001e051893b88 code [0x000001e051893ca0, 0x000001e051893de0]
Event: 0.901 Thread 0x000001e041144980 2005       3       java.util.Properties::getProperty (50 bytes)
Event: 0.901 Thread 0x000001e0411423b0 2006       4       java.lang.invoke.VarHandleByteArrayAsInts$ArrayHandle::get (36 bytes)
Event: 0.901 Thread 0x000001e041144980 nmethod 2005 0x000001e051893e88 code [0x000001e051893fe0, 0x000001e051894490]
Event: 0.902 Thread 0x000001e0416ec470 nmethod 1898 0x000001e059230e08 code [0x000001e059230f40, 0x000001e0592315a8]
Event: 0.902 Thread 0x000001e0416eadc0 nmethod 1997 0x000001e059231608 code [0x000001e059231720, 0x000001e059231908]
Event: 0.902 Thread 0x000001e041142b40 nmethod 2003 0x000001e059231988 code [0x000001e059231a80, 0x000001e059231af0]
Event: 0.903 Thread 0x000001e0411432d0 nmethod 1897 0x000001e059231c88 code [0x000001e059231dc0, 0x000001e059232448]
Event: 0.904 Thread 0x000001e0411423b0 nmethod 2006 0x000001e059232508 code [0x000001e059232620, 0x000001e0592327a0]
Event: 0.910 Thread 0x000001e0411441f0 2007       3       java.lang.invoke.MethodHandles$Lookup::getDirectConstructor (7 bytes)
Event: 0.910 Thread 0x000001e041144980 2008       3       java.lang.invoke.MethodHandles$Lookup::getDirectConstructorCommon (59 bytes)
Event: 0.910 Thread 0x000001e041143a60 2009       3       java.lang.invoke.MemberName::asConstructor (58 bytes)
Event: 0.910 Thread 0x000001e0411441f0 nmethod 2007 0x000001e051894508 code [0x000001e051894620, 0x000001e051894778]
Event: 0.910 Thread 0x000001e041143a60 nmethod 2009 0x000001e051894808 code [0x000001e0518949a0, 0x000001e051895130]
Event: 0.910 Thread 0x000001e041144980 nmethod 2008 0x000001e051895188 code [0x000001e051895300, 0x000001e0518959b0]

GC Heap History (0 events):
No events

Dll operation events (10 events):
Event: 0.030 Loaded shared library C:\Users\caue_\.jdks\openjdk-24.0.1\bin\java.dll
Event: 0.054 Loaded shared library C:\Users\caue_\.jdks\openjdk-24.0.1\bin\jsvml.dll
Event: 0.078 Loaded shared library C:\Users\caue_\.jdks\openjdk-24.0.1\bin\net.dll
Event: 0.079 Loaded shared library C:\Users\caue_\.jdks\openjdk-24.0.1\bin\nio.dll
Event: 0.082 Loaded shared library C:\Users\caue_\.jdks\openjdk-24.0.1\bin\zip.dll
Event: 0.327 Loaded shared library C:\Users\caue_\.jdks\openjdk-24.0.1\bin\zip.dll
Event: 0.331 Loaded shared library C:\Users\caue_\.jdks\openjdk-24.0.1\bin\instrument.dll
Event: 0.364 Loaded shared library C:\Users\caue_\.jdks\openjdk-24.0.1\bin\jimage.dll
Event: 0.578 Loaded shared library C:\Users\caue_\.jdks\openjdk-24.0.1\bin\management.dll
Event: 0.587 Loaded shared library C:\Users\caue_\.jdks\openjdk-24.0.1\bin\management_ext.dll

Deoptimization events (20 events):
Event: 0.873 Thread 0x000001e041124370 DEOPT PACKING pc=0x000001e0591e9354 sp=0x00000007328fd290
Event: 0.873 Thread 0x000001e041124370 DEOPT UNPACKING pc=0x000001e058be0e82 sp=0x00000007328fd1c8 mode 2
Event: 0.873 Thread 0x000001e041124370 Uncommon trap: trap_request=0xffffff4d fr.pc=0x000001e0591e6a60 relative=0x0000000000000060
Event: 0.873 Thread 0x000001e041124370 Uncommon trap: reason=unstable_if action=reinterpret pc=0x000001e0591e6a60 method=java.lang.invoke.VarHandle.checkAccessModeThenIsDirect(Ljava/lang/invoke/VarHandle$AccessDescriptor;)Z @ 4 c2
Event: 0.873 Thread 0x000001e041124370 DEOPT PACKING pc=0x000001e0591e6a60 sp=0x00000007328fd250
Event: 0.873 Thread 0x000001e041124370 DEOPT UNPACKING pc=0x000001e058be0e82 sp=0x00000007328fd1f0 mode 2
Event: 0.882 Thread 0x000001e041124370 Uncommon trap: trap_request=0xffffff4d fr.pc=0x000001e05918e754 relative=0x0000000000000154
Event: 0.882 Thread 0x000001e041124370 Uncommon trap: reason=unstable_if action=reinterpret pc=0x000001e05918e754 method=java.lang.StringCoding.countPositives([BII)I @ 17 c2
Event: 0.883 Thread 0x000001e041124370 DEOPT PACKING pc=0x000001e05918e754 sp=0x00000007328fd3f0
Event: 0.883 Thread 0x000001e041124370 DEOPT UNPACKING pc=0x000001e058be0e82 sp=0x00000007328fd378 mode 2
Event: 0.885 Thread 0x000001e041124370 DEOPT PACKING pc=0x000001e051882498 sp=0x00000007328fd400
Event: 0.885 Thread 0x000001e041124370 DEOPT UNPACKING pc=0x000001e058a95722 sp=0x00000007328fc870 mode 0
Event: 0.909 Thread 0x000001e041124370 Uncommon trap: trap_request=0xffffff4d fr.pc=0x000001e05920a1ac relative=0x00000000000002ec
Event: 0.909 Thread 0x000001e041124370 Uncommon trap: reason=unstable_if action=reinterpret pc=0x000001e05920a1ac method=java.util.HashMap.getNode(Ljava/lang/Object;)Ljava/util/HashMap$Node; @ 66 c2
Event: 0.909 Thread 0x000001e041124370 DEOPT PACKING pc=0x000001e05920a1ac sp=0x00000007328fdeb0
Event: 0.909 Thread 0x000001e041124370 DEOPT UNPACKING pc=0x000001e058be0e82 sp=0x00000007328fde40 mode 2
Event: 0.909 Thread 0x000001e041124370 Uncommon trap: trap_request=0xffffffde fr.pc=0x000001e0591fe9d4 relative=0x0000000000000b54
Event: 0.909 Thread 0x000001e041124370 Uncommon trap: reason=class_check action=maybe_recompile pc=0x000001e0591fe9d4 method=java.util.HashMap.putVal(ILjava/lang/Object;Ljava/lang/Object;ZZ)Ljava/lang/Object; @ 91 c2
Event: 0.909 Thread 0x000001e041124370 DEOPT PACKING pc=0x000001e0591fe9d4 sp=0x00000007328fde90
Event: 0.909 Thread 0x000001e041124370 DEOPT UNPACKING pc=0x000001e058be0e82 sp=0x00000007328fdde8 mode 2

Classes loaded (20 events):
Event: 0.914 Loading class java/io/ObjectOutputStream$BlockDataOutputStream
Event: 0.914 Loading class java/io/ObjectOutputStream$BlockDataOutputStream done
Event: 0.914 Loading class java/io/ObjectOutputStream$HandleTable
Event: 0.914 Loading class java/io/ObjectOutputStream$HandleTable done
Event: 0.914 Loading class java/io/ObjectOutputStream$ReplaceTable
Event: 0.914 Loading class java/io/ObjectOutputStream$ReplaceTable done
Event: 0.914 Loading class java/io/ObjectStreamClass$Caches
Event: 0.914 Loading class java/io/ObjectStreamClass$Caches done
Event: 0.914 Loading class java/io/ObjectStreamClass$Caches$1
Event: 0.914 Loading class java/io/ClassCache
Event: 0.914 Loading class java/io/ClassCache done
Event: 0.914 Loading class java/io/ObjectStreamClass$Caches$1 done
Event: 0.914 Loading class java/io/ClassCache$1
Event: 0.914 Loading class java/io/ClassCache$1 done
Event: 0.914 Loading class java/io/ObjectStreamClass$Caches$2
Event: 0.914 Loading class java/io/ObjectStreamClass$Caches$2 done
Event: 0.914 Loading class java/lang/ClassValue$ClassValueMap
Event: 0.914 Loading class java/lang/ClassValue$ClassValueMap done
Event: 0.915 Loading class jdk/internal/reflect/MethodHandleLongFieldAccessorImpl
Event: 0.915 Loading class jdk/internal/reflect/MethodHandleLongFieldAccessorImpl done

Classes unloaded (0 events):
No events

Classes redefined (0 events):
No events

Internal exceptions (20 events):
Event: 0.563 Thread 0x000001e041124370 Exception <a 'sun/nio/fs/WindowsException'{0x00000004e7f6a038}> (0x00000004e7f6a038) 
thrown [s\open\src\hotspot\share\prims\jni.cpp, line 518]
Event: 0.569 Thread 0x000001e041124370 Exception <a 'sun/nio/fs/WindowsException'{0x00000004e7f75588}> (0x00000004e7f75588) 
thrown [s\open\src\hotspot\share\prims\jni.cpp, line 518]
Event: 0.574 Thread 0x000001e0480f0790 Exception <a 'java/lang/NoSuchMethodError'{0x00000004e7e7e580}: 'java.lang.Object java.lang.invoke.DirectMethodHandle$Holder.newInvokeSpecial(java.lang.Object, java.lang.Object, java.lang.Object, java.lang.Object, java.lang.Object)'> (0x00000004e7e7e580) 
thrown [s\open\src\hotspot\share\interpreter\linkResolver.cpp, line 805]
Event: 0.589 Thread 0x000001e041124370 Exception <a 'java/lang/NoSuchMethodError'{0x00000004e7f9adf0}: 'int java.lang.invoke.DirectMethodHandle$Holder.invokeInterface(java.lang.Object, java.lang.Object)'> (0x00000004e7f9adf0) 
thrown [s\open\src\hotspot\share\interpreter\linkResolver.cpp, line 805]
Event: 0.589 Thread 0x000001e041124370 Exception <a 'java/lang/IncompatibleClassChangeError'{0x00000004e7fa2a70}: Found class java.lang.Object, but interface was expected> (0x00000004e7fa2a70) 
thrown [s\open\src\hotspot\share\interpreter\linkResolver.cpp, line 872]
Event: 0.624 Thread 0x000001e0480f0790 Exception <a 'java/lang/NoSuchMethodError'{0x00000004e7a03a10}: 'long java.lang.invoke.DirectMethodHandle$Holder.invokeVirtual(java.lang.Object, java.lang.Object)'> (0x00000004e7a03a10) 
thrown [s\open\src\hotspot\share\interpreter\linkResolver.cpp, line 805]
Event: 0.626 Thread 0x000001e041124370 Exception <a 'java/lang/NoSuchMethodError'{0x00000004e7d2ba88}: 'int java.lang.invoke.DirectMethodHandle$Holder.invokeSpecial(java.lang.Object, java.lang.Object, java.lang.Object)'> (0x00000004e7d2ba88) 
thrown [s\open\src\hotspot\share\interpreter\linkResolver.cpp, line 805]
Event: 0.626 Thread 0x000001e0480f0790 Exception <a 'java/lang/NoSuchMethodError'{0x00000004e7a12ef0}: 'int java.lang.invoke.DirectMethodHandle$Holder.invokeStatic(java.lang.Object, java.lang.Object, java.lang.Object, java.lang.Object)'> (0x00000004e7a12ef0) 
thrown [s\open\src\hotspot\share\interpreter\linkResolver.cpp, line 805]
Event: 0.769 Thread 0x000001e0480f0790 Exception <a 'java/lang/NoSuchMethodError'{0x00000004e72358b8}: 'void java.lang.invoke.DirectMethodHandle$Holder.invokeSpecial(java.lang.Object, java.lang.Object, int)'> (0x00000004e72358b8) 
thrown [s\open\src\hotspot\share\interpreter\linkResolver.cpp, line 805]
Event: 0.769 Thread 0x000001e0480f0790 Exception <a 'java/lang/NoSuchMethodError'{0x00000004e723d4d8}: 'void java.lang.invoke.Invokers$Holder.invokeExact_MT(java.lang.Object, int, java.lang.Object)'> (0x00000004e723d4d8) 
thrown [s\open\src\hotspot\share\interpreter\linkResolver.cpp, line 805]
Event: 0.773 Thread 0x000001e0480f0790 Exception <a 'java/lang/NoSuchMethodError'{0x00000004e7257d88}: 'void java.lang.invoke.DirectMethodHandle$Holder.invokeStatic(java.lang.Object, java.lang.Object, int)'> (0x00000004e7257d88) 
thrown [s\open\src\hotspot\share\interpreter\linkResolver.cpp, line 805]
Event: 0.775 Thread 0x000001e0480f0790 Exception <a 'java/lang/NoSuchMethodError'{0x00000004e7266e78}: 'java.lang.Object java.lang.invoke.DirectMethodHandle$Holder.newInvokeSpecial(java.lang.Object, java.lang.Object, int)'> (0x00000004e7266e78) 
thrown [s\open\src\hotspot\share\interpreter\linkResolver.cpp, line 805]
Event: 0.796 Thread 0x000001e0480f0790 Exception <a 'sun/nio/fs/WindowsException'{0x00000004e729b280}> (0x00000004e729b280) 
thrown [s\open\src\hotspot\share\prims\jni.cpp, line 518]
Event: 0.799 Thread 0x000001e0480f0790 Exception <a 'sun/nio/fs/WindowsException'{0x00000004e72a8038}> (0x00000004e72a8038) 
thrown [s\open\src\hotspot\share\prims\jni.cpp, line 518]
Event: 0.801 Thread 0x000001e041124370 Exception <a 'java/lang/NoSuchMethodError'{0x00000004e75ad900}: 'java.lang.Object java.lang.invoke.DirectMethodHandle$Holder.invokeStaticInit(java.lang.Object)'> (0x00000004e75ad900) 
thrown [s\open\src\hotspot\share\interpreter\linkResolver.cpp, line 805]
Event: 0.805 Thread 0x000001e0480f0790 Exception <a 'sun/nio/fs/WindowsException'{0x00000004e72b9d68}> (0x00000004e72b9d68) 
thrown [s\open\src\hotspot\share\prims\jni.cpp, line 518]
Event: 0.844 Thread 0x000001e041124370 Exception <a 'java/lang/NoSuchMethodError'{0x00000004e6f10ff0}: 'java.lang.Object java.lang.invoke.DirectMethodHandle$Holder.invokeStaticInit(java.lang.Object, int, int, int, int)'> (0x00000004e6f10ff0) 
thrown [s\open\src\hotspot\share\interpreter\linkResolver.cpp, line 805]
Event: 0.894 Thread 0x000001e041124370 Exception <a 'java/lang/NoSuchMethodError'{0x00000004e6f988b0}: 'java.lang.Object java.lang.invoke.DirectMethodHandle$Holder.invokeStaticInit(java.lang.Object, java.lang.Object, int, int, int, int)'> (0x00000004e6f988b0) 
thrown [s\open\src\hotspot\share\interpreter\linkResolver.cpp, line 805]
Event: 0.908 Thread 0x000001e041124370 Exception <a 'java/lang/ClassNotFoundException'{0x00000004e6faefd0}: javax/management/remote/rmi/RMIServerImpl_Skel> (0x00000004e6faefd0) 
thrown [s\open\src\hotspot\share\classfile\systemDictionary.cpp, line 327]
Event: 0.915 Thread 0x000001e041124370 Exception <a 'java/lang/NoSuchMethodError'{0x00000004e6fc07a8}: 'long java.lang.invoke.Invokers$Holder.invokeExact_MT(java.lang.Object, java.lang.Object)'> (0x00000004e6fc07a8) 
thrown [s\open\src\hotspot\share\interpreter\linkResolver.cpp, line 805]

VM Operations (20 events):
Event: 0.122 Executing VM operation: HandshakeAllThreads (Deoptimize)
Event: 0.123 Executing VM operation: HandshakeAllThreads (Deoptimize) done
Event: 0.129 Executing VM operation: HandshakeAllThreads (Deoptimize)
Event: 0.129 Executing VM operation: HandshakeAllThreads (Deoptimize) done
Event: 0.289 Executing VM operation: HandshakeAllThreads (Deoptimize)
Event: 0.289 Executing VM operation: HandshakeAllThreads (Deoptimize) done
Event: 0.387 Executing VM operation: HandshakeAllThreads (Deoptimize)
Event: 0.406 Executing VM operation: HandshakeAllThreads (Deoptimize) done
Event: 0.491 Executing VM operation: HandshakeAllThreads (Deoptimize)
Event: 0.491 Executing VM operation: HandshakeAllThreads (Deoptimize) done
Event: 0.692 Executing VM operation: HandshakeAllThreads (Deoptimize)
Event: 0.692 Executing VM operation: HandshakeAllThreads (Deoptimize) done
Event: 0.778 Executing VM operation: HandshakeAllThreads (Deoptimize)
Event: 0.778 Executing VM operation: HandshakeAllThreads (Deoptimize) done
Event: 0.793 Executing VM operation: HandshakeAllThreads (Deoptimize)
Event: 0.793 Executing VM operation: HandshakeAllThreads (Deoptimize) done
Event: 0.800 Executing VM operation: HandshakeAllThreads (Deoptimize)
Event: 0.800 Executing VM operation: HandshakeAllThreads (Deoptimize) done
Event: 0.841 Executing VM operation: JFRSafepointClear
Event: 0.842 Executing VM operation: JFRSafepointClear done

Memory protections (0 events):
No events

Nmethod flushes (0 events):
No events

Events (20 events):
Event: 0.049 Thread 0x000001e0480f0790 Thread added: 0x000001e041124370
Event: 0.050 Thread 0x000001e0480f0790 Thread added: 0x000001e041124ea0
Event: 0.050 Thread 0x000001e0480f0790 Thread added: 0x000001e0411274f0
Event: 0.050 Thread 0x000001e0480f0790 Thread added: 0x000001e04113e320
Event: 0.050 Thread 0x000001e0480f0790 Thread added: 0x000001e0411441f0
Event: 0.052 Thread 0x000001e0411441f0 Thread added: 0x000001e0411458a0
Event: 0.077 Thread 0x000001e0480f0790 Thread added: 0x000001e0412a2d40
Event: 0.106 Thread 0x000001e0411458a0 Thread added: 0x000001e041143a60
Event: 0.106 Thread 0x000001e0411458a0 Thread added: 0x000001e041144980
Event: 0.111 Thread 0x000001e041144980 Thread added: 0x000001e0411423b0
Event: 0.118 Thread 0x000001e0411441f0 Thread added: 0x000001e041142b40
Event: 0.150 Thread 0x000001e0411458a0 Thread added: 0x000001e0411432d0
Event: 0.154 Thread 0x000001e0411458a0 Thread added: 0x000001e0416ebce0
Event: 0.172 Thread 0x000001e0411458a0 Thread added: 0x000001e0416eadc0
Event: 0.172 Thread 0x000001e0411458a0 Thread added: 0x000001e0416ec470
Event: 0.285 Thread 0x000001e041143a60 Thread added: 0x000001e0416e9ea0
Event: 0.371 Thread 0x000001e0480f0790 Thread added: 0x000001e041da8af0
Event: 0.499 Thread 0x000001e0480f0790 Thread added: 0x000001e042672030
Event: 0.776 Thread 0x000001e0480f0790 Thread added: 0x000001e04235c8a0
Event: 0.913 Thread 0x000001e041124370 Thread added: 0x000001e043899640


Dynamic libraries:
0x00007ff7e9510000 - 0x00007ff7e951e000 	C:\Users\caue_\.jdks\openjdk-24.0.1\bin\java.exe
0x00007ffb5e2c0000 - 0x00007ffb5e526000 	C:\Windows\SYSTEM32\ntdll.dll
0x00007ffb5cf80000 - 0x00007ffb5d049000 	C:\Windows\System32\KERNEL32.DLL
0x00007ffb5b500000 - 0x00007ffb5b8cc000 	C:\Windows\System32\KERNELBASE.dll
0x00007ffb5bdd0000 - 0x00007ffb5bf1b000 	C:\Windows\System32\ucrtbase.dll
0x00007ffb46a40000 - 0x00007ffb46a56000 	C:\Users\caue_\.jdks\openjdk-24.0.1\bin\jli.dll
0x00007ffb55d80000 - 0x00007ffb55d9b000 	C:\Users\caue_\.jdks\openjdk-24.0.1\bin\VCRUNTIME140.dll
0x00007ffb5c8f0000 - 0x00007ffb5caba000 	C:\Windows\System32\USER32.dll
0x00007ffb40e40000 - 0x00007ffb410da000 	C:\Windows\WinSxS\amd64_microsoft.windows.common-controls_6595b64144ccf1df_6.0.26100.3912_none_3e07963ce335137e\COMCTL32.dll
0x00007ffb5ba10000 - 0x00007ffb5ba37000 	C:\Windows\System32\win32u.dll
0x00007ffb5cac0000 - 0x00007ffb5cb69000 	C:\Windows\System32\msvcrt.dll
0x00007ffb5cda0000 - 0x00007ffb5cdcb000 	C:\Windows\System32\GDI32.dll
0x00007ffb5b8d0000 - 0x00007ffb5ba02000 	C:\Windows\System32\gdi32full.dll
0x00007ffb5b450000 - 0x00007ffb5b4f3000 	C:\Windows\System32\msvcp_win.dll
0x00007ffb5c110000 - 0x00007ffb5c140000 	C:\Windows\System32\IMM32.DLL
0x00007ffb47910000 - 0x00007ffb4791c000 	C:\Users\caue_\.jdks\openjdk-24.0.1\bin\vcruntime140_1.dll
0x00007ffae4c20000 - 0x00007ffae4cae000 	C:\Users\caue_\.jdks\openjdk-24.0.1\bin\msvcp140.dll
0x00007ffac7640000 - 0x00007ffac83e2000 	C:\Users\caue_\.jdks\openjdk-24.0.1\bin\server\jvm.dll
0x00007ffb5e1c0000 - 0x00007ffb5e272000 	C:\Windows\System32\ADVAPI32.dll
0x00007ffb5d990000 - 0x00007ffb5da36000 	C:\Windows\System32\sechost.dll
0x00007ffb5dec0000 - 0x00007ffb5dfd6000 	C:\Windows\System32\RPCRT4.dll
0x00007ffb5d370000 - 0x00007ffb5d3e4000 	C:\Windows\System32\WS2_32.dll
0x00007ffb48ec0000 - 0x00007ffb48ecb000 	C:\Windows\SYSTEM32\VERSION.dll
0x00007ffb503d0000 - 0x00007ffb50406000 	C:\Windows\SYSTEM32\WINMM.dll
0x00007ffb5ae20000 - 0x00007ffb5ae7e000 	C:\Windows\SYSTEM32\POWRPROF.dll
0x00007ffb5ae00000 - 0x00007ffb5ae14000 	C:\Windows\SYSTEM32\UMPDC.dll
0x00007ffb5a1b0000 - 0x00007ffb5a1ca000 	C:\Windows\SYSTEM32\kernel.appcore.dll
0x00007ffb477f0000 - 0x00007ffb477fa000 	C:\Users\caue_\.jdks\openjdk-24.0.1\bin\jimage.dll
0x00007ffb58ae0000 - 0x00007ffb58d21000 	C:\Windows\SYSTEM32\DBGHELP.DLL
0x00007ffb5da70000 - 0x00007ffb5ddf4000 	C:\Windows\System32\combase.dll
0x00007ffb5ccb0000 - 0x00007ffb5cd90000 	C:\Windows\System32\OLEAUT32.dll
0x00007ffb40060000 - 0x00007ffb40099000 	C:\Windows\SYSTEM32\dbgcore.DLL
0x00007ffb5bfe0000 - 0x00007ffb5c079000 	C:\Windows\System32\bcryptPrimitives.dll
0x00007ffb47040000 - 0x00007ffb4704f000 	C:\Users\caue_\.jdks\openjdk-24.0.1\bin\instrument.dll
0x00007ffb43c10000 - 0x00007ffb43c2e000 	C:\Users\caue_\.jdks\openjdk-24.0.1\bin\java.dll
0x00007ffb5cdd0000 - 0x00007ffb5cf6f000 	C:\Windows\System32\ole32.dll
0x00007ffb5c150000 - 0x00007ffb5c87d000 	C:\Windows\System32\SHELL32.dll
0x00007ffb5bc50000 - 0x00007ffb5bdc4000 	C:\Windows\System32\wintypes.dll
0x00007ffad2440000 - 0x00007ffad2638000 	C:\Users\caue_\AppData\Local\Temp\idea_libasyncProfiler_dll_temp_folder\libasyncProfiler.dll
0x00007ffb59090000 - 0x00007ffb598e6000 	C:\Windows\SYSTEM32\windows.storage.dll
0x00007ffb5d400000 - 0x00007ffb5d4ef000 	C:\Windows\System32\SHCORE.dll
0x00007ffb5c880000 - 0x00007ffb5c8e9000 	C:\Windows\System32\shlwapi.dll
0x00007ffb5b360000 - 0x00007ffb5b38f000 	C:\Windows\SYSTEM32\profapi.dll
0x00007ffadc090000 - 0x00007ffadc167000 	C:\Users\caue_\.jdks\openjdk-24.0.1\bin\jsvml.dll
0x00007ffb47110000 - 0x00007ffb47120000 	C:\Users\caue_\.jdks\openjdk-24.0.1\bin\net.dll
0x00007ffb5a780000 - 0x00007ffb5a7ea000 	C:\Windows\system32\mswsock.dll
0x00007ffb42570000 - 0x00007ffb42586000 	C:\Users\caue_\.jdks\openjdk-24.0.1\bin\nio.dll
0x00007ffb3d710000 - 0x00007ffb3d727000 	C:\Users\caue_\.jdks\openjdk-24.0.1\bin\zip.dll
0x00007ffb59cf0000 - 0x00007ffb59e17000 	C:\Windows\SYSTEM32\DNSAPI.dll
0x00007ffb59c50000 - 0x00007ffb59c83000 	C:\Windows\SYSTEM32\IPHLPAPI.DLL
0x00007ffb5deb0000 - 0x00007ffb5deba000 	C:\Windows\System32\NSI.dll
0x00007ffb53840000 - 0x00007ffb5384b000 	C:\Windows\System32\rasadhlp.dll
0x00007ffb54ce0000 - 0x00007ffb54d66000 	C:\Windows\System32\fwpuclnt.dll
0x00007ffb3d6f0000 - 0x00007ffb3d6fa000 	C:\Users\caue_\.jdks\openjdk-24.0.1\bin\management.dll
0x00007ffb37f60000 - 0x00007ffb37f6b000 	C:\Users\caue_\.jdks\openjdk-24.0.1\bin\management_ext.dll
0x00007ffb5d3f0000 - 0x00007ffb5d3f8000 	C:\Windows\System32\PSAPI.DLL
0x00007ffb5aa20000 - 0x00007ffb5aa3c000 	C:\Windows\SYSTEM32\CRYPTSP.dll
0x00007ffb5a170000 - 0x00007ffb5a1aa000 	C:\Windows\system32\rsaenh.dll
0x00007ffb5a820000 - 0x00007ffb5a84b000 	C:\Windows\SYSTEM32\USERENV.dll
0x00007ffb5b330000 - 0x00007ffb5b356000 	C:\Windows\SYSTEM32\bcrypt.dll
0x00007ffb5aa40000 - 0x00007ffb5aa4c000 	C:\Windows\SYSTEM32\CRYPTBASE.dll
0x00007ffb41ff0000 - 0x00007ffb42008000 	C:\Windows\system32\napinsp.dll
0x00007ffb41fd0000 - 0x00007ffb41fe2000 	C:\Windows\System32\winrnr.dll
0x00007ffb41f90000 - 0x00007ffb41fc0000 	C:\Windows\system32\nlansp_c.dll
0x00007ffb4fe70000 - 0x00007ffb4fe90000 	C:\Windows\system32\wshbth.dll
0x00007ffb38a00000 - 0x00007ffb38a4e000 	C:\Windows\SYSTEM32\pdh.dll

JVMTI agents:
C:\Program Files\JetBrains\IntelliJ IDEA 2025.1.1.1\lib\idea_rt.jar path:C:\Users\caue_\.jdks\openjdk-24.0.1\bin\instrument.dll, loaded, initialized, instrumentlib options:50874
C:\Users\caue_\AppData\Local\Temp\idea_libasyncProfiler_dll_temp_folder\libasyncProfiler.dll path:C:\Users\caue_\AppData\Local\Temp\idea_libasyncProfiler_dll_temp_folder\libasyncProfiler.dll, loaded, initialized, options:start,jfr,event=wall,interval=10ms,jfrsync=profile,cstack=no,file=C:\Users\caue_\IdeaSnapshots\HelloApplication_2025_05_30_184726.jfr,dbghelppath=C:\Users\caue_\AppData\Local\Temp\idea_dbghelp_dll_temp_folder\dbghelp.dll,log=C:\Users\caue_\AppData\Local\Temp\HelloApplication_2025_05_30_184726.jfr.log.txt,logLevel=DEBUG

dbghelp: loaded successfully - version: 4.0.5 - missing functions: none
symbol engine: initialized successfully - sym options: 0x614 - pdb path: .;C:\Users\caue_\.jdks\openjdk-24.0.1\bin;C:\Windows\SYSTEM32;C:\Windows\WinSxS\amd64_microsoft.windows.common-controls_6595b64144ccf1df_6.0.26100.3912_none_3e07963ce335137e;C:\Users\caue_\.jdks\openjdk-24.0.1\bin\server;C:\Users\caue_\AppData\Local\Temp\idea_libasyncProfiler_dll_temp_folder

VM Arguments:
jvm_args: -javaagent:C:\Program Files\JetBrains\IntelliJ IDEA 2025.1.1.1\lib\idea_rt.jar=50874 -agentpath:C:\Users\caue_\AppData\Local\Temp\idea_libasyncProfiler_dll_temp_folder\libasyncProfiler.dll=start,jfr,event=wall,interval=10ms,jfrsync=profile,cstack=no,file=C:\Users\caue_\IdeaSnapshots\HelloApplication_2025_05_30_184726.jfr,dbghelppath=C:\Users\caue_\AppData\Local\Temp\idea_dbghelp_dll_temp_folder\dbghelp.dll,log=C:\Users\caue_\AppData\Local\Temp\HelloApplication_2025_05_30_184726.jfr.log.txt,logLevel=DEBUG -Dfile.encoding=UTF-8 -Dsun.stdout.encoding=UTF-8 -Dsun.stderr.encoding=UTF-8 --module-path=C:\Users\caue_\.m2\repository\org\kordamp\bootstrapfx\bootstrapfx-core\0.4.0\bootstrapfx-core-0.4.0.jar;C:\Users\caue_\.m2\repository\eu\hansolo\fx\countries\21.0.3\countries-21.0.3.jar;C:\Users\caue_\.m2\repository\org\openjfx\javafx-swing\17.0.6\javafx-swing-17.0.6-win.jar;C:\Users\caue_\.m2\repository\eu\hansolo\toolboxfx\21.0.3\toolboxfx-21.0.3.jar;C:\Users\caue_\.m2\repository\org\kordamp\ikonli\ikonli-javafx\12.3.1\ikonli-javafx-12.3.1.jar;C:\Users\caue_\.m2\repository\com\dlsc\formsfx\formsfx-core\11.6.0\formsfx-core-11.6.0.jar;C:\Users\caue_\.m2\repository\com\gluonhq\attach\audio\4.0.17\audio-4.0.17.jar;C:\Users\caue_\.m2\repository\com\github\almasb\fxgl-scene\17.3\fxgl-scene-17.3.jar;C:\Users\caue_\.m2\repository\eu\hansolo\toolbox\21.0.5\toolbox-21.0.5.jar;C:\Users\caue_\.m2\repository\eu\hansolo\fx\heatmap\21.0.3\heatmap-21.0.3.jar;C:\Users\caue_\.m2\repository\org\openjfx\javafx-fxml\17.0.6\javafx-fxml-17.0.6-win.jar;C:\Users\caue_\.m2\repository\com\fasterxml\jackson\core\jackson-databind\2.14.2\jackson-databind-2.14.2.jar;C:\Users\caue_\.m2\repository\org\openjfx\javafx-base\17.0.6\javafx-base-17.0.6-win.jar;C:\Users\caue_\.m2\repository\com\gluonhq\attach\storage\4.0.17\storage-4.0.17.jar;C:\Users\caue_\.m2\repository\org\controlsfx\controlsfx\11.2.1\controlsfx-11.2.1.jar;C:\Users\caue_\.m2\repository\com\gluonhq\attach\util\4.0.17\util-4.0.17.jar;C:\Users\caue_\.m2\repository\eu\hansolo\tilesfx\21.0.3\tilesfx-21.0.3.jar;C:\Users\caue_\.m2\repository\com\github\almasb\fxgl\17.3\fxgl-17.3.jar;C:\Users\caue_\.m2\repository\org\kordamp\ikonli\ikonli-core\12.3.1\ikonli-core-12.3.1.jar;C:\Users\caue_\.m2\repository\com\github\almasb\fxgl-core\17.3\fxgl-core-17.3.jar;C:\Users\caue_\.m2\repository\net\synedra\validatorfx\0.5.0\validatorfx-0.5.0.jar;C:\Users\caue_\.m2\repository\com\github\almasb\fxgl-gameplay\17.3\fxgl-gameplay-17.3.jar;C:\Users\caue_\.m2\repository\com\fasterxml\jackson\core\jackson-annotations\2.14.2\jackson-annotations-2.-Djdk.module.main=com.example.projetofinaljava 
java_command: com.example.projetofinaljava/com.example.projetofinaljava.HelloApplication
java_class_path (initial): C:\Users\caue_\.m2\repository\org\openjfx\javafx-controls\17.0.6\javafx-controls-17.0.6.jar;C:\Users\caue_\.m2\repository\org\openjfx\javafx-graphics\17.0.6\javafx-graphics-17.0.6.jar;C:\Users\caue_\.m2\repository\org\openjfx\javafx-base\17.0.6\javafx-base-17.0.6.jar;C:\Users\caue_\.m2\repository\org\openjfx\javafx-fxml\17.0.6\javafx-fxml-17.0.6.jar;C:\Users\caue_\.m2\repository\org\openjfx\javafx-web\17.0.6\javafx-web-17.0.6.jar;C:\Users\caue_\.m2\repository\org\openjfx\javafx-swing\17.0.6\javafx-swing-17.0.6.jar;C:\Users\caue_\.m2\repository\org\openjfx\javafx-media\17.0.6\javafx-media-17.0.6.jar;C:\Users\caue_\.m2\repository\org\jetbrains\kotlin\kotlin-stdlib-common\1.8.10\kotlin-stdlib-common-1.8.10.jar;C:\Users\caue_\.m2\repository\org\jetbrains\annotations\13.0\annotations-13.0.jar
Launcher Type: SUN_STANDARD

[Global flags]
     intx CICompilerCount                          = 12                                        {product} {ergonomic}
     uint ConcGCThreads                            = 4                                         {product} {ergonomic}
     bool FlightRecorder                           = true                                      {product} {management}
     uint G1ConcRefinementThreads                  = 14                                        {product} {ergonomic}
   size_t G1HeapRegionSize                         = 2097152                                   {product} {ergonomic}
   size_t InitialHeapSize                          = 262144000                                 {product} {ergonomic}
   size_t MarkStackSize                            = 4194304                                   {product} {ergonomic}
   size_t MarkStackSizeMax                         = 536870912                                 {product} {ergonomic}
   size_t MaxHeapSize                              = 4183818240                                {product} {ergonomic}
   size_t MaxNewSize                               = 2510290944                                {product} {ergonomic}
   size_t MinHeapDeltaBytes                        = 2097152                                   {product} {ergonomic}
   size_t MinHeapSize                              = 8388608                                   {product} {ergonomic}
    uintx NonNMethodCodeHeapSize                   = 7602176                                {pd product} {ergonomic}
    uintx NonProfiledCodeHeapSize                  = 122093568                              {pd product} {ergonomic}
    uintx ProfiledCodeHeapSize                     = 121962496                              {pd product} {ergonomic}
    uintx ReservedCodeCacheSize                    = 251658240                              {pd product} {ergonomic}
     bool SegmentedCodeCache                       = true                                      {product} {ergonomic}
   size_t SoftMaxHeapSize                          = 4183818240                             {manageable} {ergonomic}
     bool UseCompressedOops                        = true                           {product lp64_product} {ergonomic}
     bool UseG1GC                                  = true                                      {product} {ergonomic}
     bool UseLargePagesIndividualAllocation        = false                                  {pd product} {ergonomic}

Logging:
Log output configuration:
 #0: stdout all=warning uptime,level,tags foldmultilines=false
 #1: stderr all=off uptime,level,tags foldmultilines=false

Environment Variables:
PATH=C:\Program Files\Eclipse Adoptium\jdk-17.0.14.7-hotspot\bin;C:\Windows\system32;C:\Windows;C:\Windows\System32\Wbem;C:\Windows\System32\WindowsPowerShell\v1.0\;C:\Windows\System32\OpenSSH\;C:\Program Files\Microsoft VS Code\bin;C:\Program Files\Git\cmd;C:\Program Files\nodejs\;C:\Program Files (x86)\Windows Kits\10\Windows Performance Toolkit\;C:\php;C:\ProgramData\ComposerSetup\bin;%JAVA_HOME%\bin;;C:\Program Files\Docker\Docker\resources\bin;C:\Program Files\MySQL\MySQL Shell 8.0\bin\;C:\Users\caue_\AppData\Local\Programs\Python\Launcher\;C:\Users\caue_\AppData\Local\Programs\oh-my-posh\bin\;C:\Users\caue_\AppData\Local\Microsoft\WindowsApps;C:\Users\caue_\AppData\Roaming\npm;C:\Users\caue_\AppData\Roaming\Composer\vendor\bin
USERNAME=caue_
OS=Windows_NT
PROCESSOR_IDENTIFIER=Intel64 Family 6 Model 170 Stepping 4, GenuineIntel
TMP=C:\Users\caue_\AppData\Local\Temp
TEMP=C:\Users\caue_\AppData\Local\Temp




Periodic native trim disabled

---------------  S Y S T E M  ---------------

OS:
 Windows 11 , 64 bit Build 26100 (10.0.26100.3912)
OS uptime: 2 days 5:04 hours
Hyper-V role detected

CPU: total 18 (initial active 18) (9 cores per cpu, 2 threads per core) family 6 model 170 stepping 4 microcode 0x1c, cx8, cmov, fxsr, ht, mmx, 3dnowpref, sse, sse2, sse3, ssse3, sse4.1, sse4.2, popcnt, lzcnt, tsc, tscinvbit, avx, avx2, aes, erms, clmul, bmi1, bmi2, adx, sha, fma, vzeroupper, clflush, clflushopt, clwb, hv, serialize, rdtscp, rdpid, fsrm, gfni, f16c, cet_ibt, cet_ss
Processor Information for processor 0
  Max Mhz: 1200, Current Mhz: 1200, Mhz Limit: 1200
Processor Information for processor 1
  Max Mhz: 1200, Current Mhz: 1200, Mhz Limit: 1200
Processor Information for processor 2
  Max Mhz: 3600, Current Mhz: 700, Mhz Limit: 684
Processor Information for processor 3
  Max Mhz: 3600, Current Mhz: 700, Mhz Limit: 684
Processor Information for processor 4
  Max Mhz: 3600, Current Mhz: 700, Mhz Limit: 684
Processor Information for processor 5
  Max Mhz: 3600, Current Mhz: 700, Mhz Limit: 684
Processor Information for processor 6
  Max Mhz: 3600, Current Mhz: 700, Mhz Limit: 684
Processor Information for processor 7
  Max Mhz: 3600, Current Mhz: 700, Mhz Limit: 684
Processor Information for processor 8
  Max Mhz: 3600, Current Mhz: 700, Mhz Limit: 684
Processor Information for processor 9
  Max Mhz: 3600, Current Mhz: 700, Mhz Limit: 684
Processor Information for processor 10
  Max Mhz: 1200, Current Mhz: 1200, Mhz Limit: 1200
Processor Information for processor 11
  Max Mhz: 1200, Current Mhz: 1200, Mhz Limit: 1200
Processor Information for processor 12
  Max Mhz: 1200, Current Mhz: 1200, Mhz Limit: 1200
Processor Information for processor 13
  Max Mhz: 1200, Current Mhz: 1200, Mhz Limit: 1200
Processor Information for processor 14
  Max Mhz: 1200, Current Mhz: 1200, Mhz Limit: 1200
Processor Information for processor 15
  Max Mhz: 1200, Current Mhz: 1200, Mhz Limit: 1200
Processor Information for processor 16
  Max Mhz: 2500, Current Mhz: 700, Mhz Limit: 700
Processor Information for processor 17
  Max Mhz: 2500, Current Mhz: 700, Mhz Limit: 700

Memory: 4k page, system-wide physical 15955M (3581M free)
TotalPageFile size 33363M (AvailPageFile size 17586M)
current process WorkingSet (physical memory assigned to process): 119M, peak: 119M
current process commit charge ("private bytes"): 410M, peak: 411M

vm_info: OpenJDK 64-Bit Server VM (24.0.1+9-30) for windows-amd64 JRE (24.0.1+9-30), built on 2025-03-05T07:23:45Z with MS VC++ 17.6 (VS2022)

END.
